<?xml version="1.0" encoding="UTF-8"?>
<testsuite name="finalproject.EmployeeTest" tests="3" skipped="0" failures="0" errors="0" timestamp="2023-12-17T06:15:39" hostname="kennycollins" time="0.01">
  <properties/>
  <testcase name="testRemoveEmployee()" classname="finalproject.EmployeeTest" time="0.005"/>
  <testcase name="testGetName()" classname="finalproject.EmployeeTest" time="0.001"/>
  <testcase name="testAddEmployee()" classname="finalproject.EmployeeTest" time="0.001"/>
  <system-out><![CDATA[]]></system-out>
  <system-err><![CDATA[]]></system-err>
</testsuite>
